<?xml version="1.0" encoding="UTF-8"?>
<testsuite name="io.github.eucsoh.analysis.ArrheniusNormalizerTest" tests="11" skipped="0" failures="1" errors="0" timestamp="2026-02-27T16:22:55.735Z" hostname="IlPalazzo" time="0.054">
  <properties/>
  <testcase name="normalizeRBattTo25C at 25C returns same value()" classname="io.github.eucsoh.analysis.ArrheniusNormalizerTest" time="0.016"/>
  <testcase name="normalizeRBattTo25C handles high temperature()" classname="io.github.eucsoh.analysis.ArrheniusNormalizerTest" time="0.001"/>
  <testcase name="normalizeRBattTo25C typical EUC scenario()" classname="io.github.eucsoh.analysis.ArrheniusNormalizerTest" time="0.01">
    <failure message="org.opentest4j.AssertionFailedError: Normalized R@25C should be in realistic range, got 0.06756403935773266" type="org.opentest4j.AssertionFailedError">org.opentest4j.AssertionFailedError: Normalized R@25C should be in realistic range, got 0.06756403935773266
	at org.junit.jupiter.api.AssertionUtils.fail(AssertionUtils.java:38)
	at org.junit.jupiter.api.Assertions.fail(Assertions.java:138)
	at kotlin.test.junit5.JUnit5Asserter.fail(JUnitSupport.kt:56)
	at kotlin.test.Asserter$DefaultImpls.assertTrue(Assertions.kt:694)
	at kotlin.test.junit5.JUnit5Asserter.assertTrue(JUnitSupport.kt:30)
	at kotlin.test.Asserter$DefaultImpls.assertTrue(Assertions.kt:704)
	at kotlin.test.junit5.JUnit5Asserter.assertTrue(JUnitSupport.kt:30)
	at kotlin.test.AssertionsKt__AssertionsKt.assertTrue(Assertions.kt:44)
	at kotlin.test.AssertionsKt.assertTrue(Unknown Source)
	at io.github.eucsoh.analysis.ArrheniusNormalizerTest.normalizeRBattTo25C typical EUC scenario(ArrheniusNormalizerTest.kt:143)
	at java.base/java.lang.reflect.Method.invoke(Method.java:580)
	at java.base/java.util.ArrayList.forEach(ArrayList.java:1596)
	at java.base/java.util.ArrayList.forEach(ArrayList.java:1596)
</failure>
  </testcase>
  <testcase name="normalizeRBattTo25C at lower temperature increases resistance()" classname="io.github.eucsoh.analysis.ArrheniusNormalizerTest" time="0.001"/>
  <testcase name="normalizeRBattTo25C handles extreme cold()" classname="io.github.eucsoh.analysis.ArrheniusNormalizerTest" time="0.001"/>
  <testcase name="normalizeRBattTo25C is symmetric()" classname="io.github.eucsoh.analysis.ArrheniusNormalizerTest" time="0.0"/>
  <testcase name="normalizeRBattTo25C clamps negative results to zero()" classname="io.github.eucsoh.analysis.ArrheniusNormalizerTest" time="0.0"/>
  <testcase name="normalizeRBattTo25C with null temperature returns measured value()" classname="io.github.eucsoh.analysis.ArrheniusNormalizerTest" time="0.0"/>
  <testcase name="normalizeRBattTo25C at higher temperature reduces resistance()" classname="io.github.eucsoh.analysis.ArrheniusNormalizerTest" time="0.0"/>
  <testcase name="normalizeRBattTo25C returns zero for zero input()" classname="io.github.eucsoh.analysis.ArrheniusNormalizerTest" time="0.0"/>
  <testcase name="normalizeRBattTo25C different Ea values change sensitivity()" classname="io.github.eucsoh.analysis.ArrheniusNormalizerTest" time="0.001"/>
  <system-out><![CDATA[]]></system-out>
  <system-err><![CDATA[]]></system-err>
</testsuite>
