<?xml version="1.0" encoding="UTF-8"?>
<testsuite name="com.euc.soh.analysis.AnalyzerIntegrationTest" tests="1" skipped="0" failures="0" errors="0" timestamp="2026-02-17T16:06:40.184Z" hostname="IlPalazzo" time="0.077">
  <properties/>
  <testcase name="analyzeFolderForReq should produce WheelStatistics with alarms and thresholds via FileProvider" classname="com.euc.soh.analysis.AnalyzerIntegrationTest" time="0.031"/>
  <system-out><![CDATA[]]></system-out>
  <system-err><![CDATA[]]></system-err>
</testsuite>
