<?xml version="1.0" encoding="UTF-8"?>
<testsuite name="io.github.eucsoh.analysis.TrendDetectorTest" tests="11" skipped="0" failures="0" errors="0" timestamp="2026-03-04T15:58:16.482Z" hostname="IlPalazzo" time="0.01">
  <properties/>
  <testcase name="detectTrendLinear identifies no trend in flat data()" classname="io.github.eucsoh.analysis.TrendDetectorTest" time="0.002"/>
  <testcase name="detectTrendLinear identifies clear upward trend()" classname="io.github.eucsoh.analysis.TrendDetectorTest" time="0.001"/>
  <testcase name="detectTrendLinear realistic EUC degradation()" classname="io.github.eucsoh.analysis.TrendDetectorTest" time="0.001"/>
  <testcase name="detectTrendLinear with noisy data()" classname="io.github.eucsoh.analysis.TrendDetectorTest" time="0.001"/>
  <testcase name="detectTrendLinear handles missing metric gracefully()" classname="io.github.eucsoh.analysis.TrendDetectorTest" time="0.0"/>
  <testcase name="detectTrendLinear with constant values returns zero slope()" classname="io.github.eucsoh.analysis.TrendDetectorTest" time="0.0"/>
  <testcase name="detectTrendLinear with very weak trend()" classname="io.github.eucsoh.analysis.TrendDetectorTest" time="0.001"/>
  <testcase name="detectTrendLinear filters null values()" classname="io.github.eucsoh.analysis.TrendDetectorTest" time="0.0"/>
  <testcase name="detectTrendLinear requires minimum points()" classname="io.github.eucsoh.analysis.TrendDetectorTest" time="0.0"/>
  <testcase name="detectTrendLinear slope units are correct()" classname="io.github.eucsoh.analysis.TrendDetectorTest" time="0.001"/>
  <testcase name="detectTrendLinear handles downward trend()" classname="io.github.eucsoh.analysis.TrendDetectorTest" time="0.001"/>
  <system-out><![CDATA[]]></system-out>
  <system-err><![CDATA[]]></system-err>
</testsuite>
