<?xml version="1.0" encoding="UTF-8"?>
<testsuite name="io.github.eucsoh.analysis.GaussianAlarmDetectorTest" tests="11" skipped="0" failures="0" errors="0" timestamp="2026-02-27T16:22:56.219Z" hostname="IlPalazzo" time="0.096">
  <properties/>
  <testcase name="computeThresholds uses optimal fraction correctly()" classname="io.github.eucsoh.analysis.GaussianAlarmDetectorTest" time="0.007"/>
  <testcase name="detectAlarms filters null values correctly()" classname="io.github.eucsoh.analysis.GaussianAlarmDetectorTest" time="0.018"/>
  <testcase name="computeThresholds higher_is_bad sets limit above mean()" classname="io.github.eucsoh.analysis.GaussianAlarmDetectorTest" time="0.005"/>
  <testcase name="computeThresholds calculates correct mean and std()" classname="io.github.eucsoh.analysis.GaussianAlarmDetectorTest" time="0.004"/>
  <testcase name="detectAlarms identifies outlier beyond threshold()" classname="io.github.eucsoh.analysis.GaussianAlarmDetectorTest" time="0.003"/>
  <testcase name="computeThresholds lower_is_bad sets limit below mean()" classname="io.github.eucsoh.analysis.GaussianAlarmDetectorTest" time="0.003"/>
  <testcase name="detectAlarms realistic EUC scenario()" classname="io.github.eucsoh.analysis.GaussianAlarmDetectorTest" time="0.023"/>
  <testcase name="detectAlarms no alarm when all within threshold()" classname="io.github.eucsoh.analysis.GaussianAlarmDetectorTest" time="0.004"/>
  <testcase name="detectAlarms handles multiple metric violations()" classname="io.github.eucsoh.analysis.GaussianAlarmDetectorTest" time="0.005"/>
  <testcase name="computeThresholds handles insufficient data gracefully()" classname="io.github.eucsoh.analysis.GaussianAlarmDetectorTest" time="0.003"/>
  <testcase name="detectAlarms checks absolute limit when enabled()" classname="io.github.eucsoh.analysis.GaussianAlarmDetectorTest" time="0.01"/>
  <system-out><![CDATA[]]></system-out>
  <system-err><![CDATA[]]></system-err>
</testsuite>
