<?xml version="1.0" encoding="UTF-8"?>
<testsuite name="io.github.eucsoh.analysis.CUSUMDetectorTest" tests="10" skipped="0" failures="2" errors="0" timestamp="2026-02-27T16:22:55.791Z" hostname="IlPalazzo" time="0.423">
  <properties/>
  <testcase name="detectCUSUM ignores small fluctuations()" classname="io.github.eucsoh.analysis.CUSUMDetectorTest" time="0.356"/>
  <testcase name="detectCUSUM handles zero sigma reference()" classname="io.github.eucsoh.analysis.CUSUMDetectorTest" time="0.013">
    <failure message="org.opentest4j.AssertionFailedError: Reference mean should be exact. Expected &lt;0.05&gt; with absolute tolerance &lt;0.001&gt;, actual &lt;1.7976931348623157E308&gt;." type="org.opentest4j.AssertionFailedError">org.opentest4j.AssertionFailedError: Reference mean should be exact. Expected &lt;0.05&gt; with absolute tolerance &lt;0.001&gt;, actual &lt;1.7976931348623157E308&gt;.
	at org.junit.jupiter.api.AssertionUtils.fail(AssertionUtils.java:38)
	at org.junit.jupiter.api.Assertions.fail(Assertions.java:138)
	at kotlin.test.junit5.JUnit5Asserter.fail(JUnitSupport.kt:56)
	at kotlin.test.Asserter$DefaultImpls.assertTrue(Assertions.kt:694)
	at kotlin.test.junit5.JUnit5Asserter.assertTrue(JUnitSupport.kt:30)
	at kotlin.test.UtilsKt.checkDoublesAreEqual(Utils.kt:32)
	at kotlin.test.UtilsKt.checkDoublesAreEqual$default(Utils.kt:22)
	at kotlin.test.AssertionsKt__AssertionsKt.assertEquals(Assertions.kt:69)
	at kotlin.test.AssertionsKt.assertEquals(Unknown Source)
	at io.github.eucsoh.analysis.CUSUMDetectorTest.detectCUSUM handles zero sigma reference(CUSUMDetectorTest.kt:189)
	at java.base/java.lang.reflect.Method.invoke(Method.java:580)
	at java.base/java.util.ArrayList.forEach(ArrayList.java:1596)
	at java.base/java.util.ArrayList.forEach(ArrayList.java:1596)
</failure>
  </testcase>
  <testcase name="detectCUSUM computes reference from early data only()" classname="io.github.eucsoh.analysis.CUSUMDetectorTest" time="0.004"/>
  <testcase name="detectCUSUM handles insufficient reference data()" classname="io.github.eucsoh.analysis.CUSUMDetectorTest" time="0.007"/>
  <testcase name="detectCUSUM detects upward shift in resistance()" classname="io.github.eucsoh.analysis.CUSUMDetectorTest" time="0.002"/>
  <testcase name="detectCUSUM with missing metric returns empty()" classname="io.github.eucsoh.analysis.CUSUMDetectorTest" time="0.002"/>
  <testcase name="detectCUSUM detects no alarm in stable data()" classname="io.github.eucsoh.analysis.CUSUMDetectorTest" time="0.002"/>
  <testcase name="detectCUSUM resets after cooldown period()" classname="io.github.eucsoh.analysis.CUSUMDetectorTest" time="0.003">
    <failure message="org.opentest4j.AssertionFailedError: Should not spam alarms during cooldown" type="org.opentest4j.AssertionFailedError">org.opentest4j.AssertionFailedError: Should not spam alarms during cooldown
	at org.junit.jupiter.api.AssertionUtils.fail(AssertionUtils.java:38)
	at org.junit.jupiter.api.Assertions.fail(Assertions.java:138)
	at kotlin.test.junit5.JUnit5Asserter.fail(JUnitSupport.kt:56)
	at kotlin.test.Asserter$DefaultImpls.assertTrue(Assertions.kt:694)
	at kotlin.test.junit5.JUnit5Asserter.assertTrue(JUnitSupport.kt:30)
	at kotlin.test.Asserter$DefaultImpls.assertTrue(Assertions.kt:704)
	at kotlin.test.junit5.JUnit5Asserter.assertTrue(JUnitSupport.kt:30)
	at kotlin.test.AssertionsKt__AssertionsKt.assertTrue(Assertions.kt:44)
	at kotlin.test.AssertionsKt.assertTrue(Unknown Source)
	at io.github.eucsoh.analysis.CUSUMDetectorTest.detectCUSUM resets after cooldown period(CUSUMDetectorTest.kt:97)
	at java.base/java.lang.reflect.Method.invoke(Method.java:580)
	at java.base/java.util.ArrayList.forEach(ArrayList.java:1596)
	at java.base/java.util.ArrayList.forEach(ArrayList.java:1596)
</failure>
  </testcase>
  <testcase name="detectCUSUM sensitivity to kSigma parameter()" classname="io.github.eucsoh.analysis.CUSUMDetectorTest" time="0.01"/>
  <testcase name="detectCUSUM realistic EUC degradation scenario()" classname="io.github.eucsoh.analysis.CUSUMDetectorTest" time="0.004"/>
  <system-out><![CDATA[]]></system-out>
  <system-err><![CDATA[]]></system-err>
</testsuite>
