<?xml version="1.0" encoding="UTF-8"?>
<testsuite name="io.github.eucsoh.integration.RealLogsIntegrationTest" tests="2" skipped="0" failures="0" errors="0" timestamp="2026-03-04T15:59:00.937Z" hostname="IlPalazzo" time="0.001">
  <properties/>
  <testcase name="real logs analysis pipeline runs end-to-end()" classname="io.github.eucsoh.integration.RealLogsIntegrationTest" time="0.0"/>
  <testcase name="real logs folder structure is correct if it exists()" classname="io.github.eucsoh.integration.RealLogsIntegrationTest" time="0.0"/>
  <system-out><![CDATA[⊘ Skipping real logs test: no CSV files found in src/test/resources/real_logs
  To enable this test, add real EUC log files to this directory
⊘ Warning: real_logs folder exists but contains no CSV files
]]></system-out>
  <system-err><![CDATA[]]></system-err>
</testsuite>
