<?xml version="1.0" encoding="UTF-8"?>
<testsuite name="com.euc.soh.analysis.ArrheniusNormalizerTest" tests="9" skipped="0" failures="0" errors="0" timestamp="2026-02-17T16:06:40.271Z" hostname="IlPalazzo" time="0.019">
  <properties/>
  <testcase name="normalizeRBattTo25C should return same value at 25°C" classname="com.euc.soh.analysis.ArrheniusNormalizerTest" time="0.001"/>
  <testcase name="normalizeRBattTo25C should increase resistance for hot temperature" classname="com.euc.soh.analysis.ArrheniusNormalizerTest" time="0.0"/>
  <testcase name="normalizeRBattTo25C should decrease resistance for cold temperature" classname="com.euc.soh.analysis.ArrheniusNormalizerTest" time="0.001"/>
  <testcase name="normalizeRBattTo25C should handle null temperature" classname="com.euc.soh.analysis.ArrheniusNormalizerTest" time="0.002"/>
  <testcase name="normalizeRBattTo25C should handle NaN resistance" classname="com.euc.soh.analysis.ArrheniusNormalizerTest" time="0.0"/>
  <testcase name="normalizeRBattTo25C should compute correction for extreme temperatures (match Python)" classname="com.euc.soh.analysis.ArrheniusNormalizerTest" time="0.001"/>
  <testcase name="normalizeRBattTo25C with custom Ea should affect result" classname="com.euc.soh.analysis.ArrheniusNormalizerTest" time="0.001"/>
  <testcase name="calibrateEaFromLogs should return default with insufficient data" classname="com.euc.soh.analysis.ArrheniusNormalizerTest" time="0.0"/>
  <testcase name="normalizeRBattTo25C should always return non-negative" classname="com.euc.soh.analysis.ArrheniusNormalizerTest" time="0.0"/>
  <system-out><![CDATA[]]></system-out>
  <system-err><![CDATA[]]></system-err>
</testsuite>
